<?xml version="1.0" encoding="UTF-8" ?>
<testsuite tests="18" failures="0" name="testrunner.RunTest" time="0.023" errors="0" skipped="0">
  <properties>
    <property name="java.runtime.name" value="Java(TM) SE Runtime Environment"/>
    <property name="sun.boot.library.path" value="C:\Program Files\Java\jdk1.8.0_181\jre\bin"/>
    <property name="java.vm.version" value="25.181-b13"/>
    <property name="java.vm.vendor" value="Oracle Corporation"/>
    <property name="maven.multiModuleProjectDirectory" value="D:\FlipkartProject\Flipkart"/>
    <property name="java.vendor.url" value="http://java.oracle.com/"/>
    <property name="path.separator" value=";"/>
    <property name="guice.disable.misplaced.annotation.check" value="true"/>
    <property name="java.vm.name" value="Java HotSpot(TM) 64-Bit Server VM"/>
    <property name="file.encoding.pkg" value="sun.io"/>
    <property name="user.script" value=""/>
    <property name="user.country" value="US"/>
    <property name="sun.java.launcher" value="SUN_STANDARD"/>
    <property name="sun.os.patch.level" value=""/>
    <property name="java.vm.specification.name" value="Java Virtual Machine Specification"/>
    <property name="user.dir" value="D:\FlipkartProject\Flipkart"/>
    <property name="java.runtime.version" value="1.8.0_181-b13"/>
    <property name="java.awt.graphicsenv" value="sun.awt.Win32GraphicsEnvironment"/>
    <property name="java.endorsed.dirs" value="C:\Program Files\Java\jdk1.8.0_181\jre\lib\endorsed"/>
    <property name="os.arch" value="amd64"/>
    <property name="java.io.tmpdir" value="C:\Users\ganesh\AppData\Local\Temp\"/>
    <property name="line.separator" value="
"/>
    <property name="java.vm.specification.vendor" value="Oracle Corporation"/>
    <property name="user.variant" value=""/>
    <property name="os.name" value="Windows 10"/>
    <property name="classworlds.conf" value="E:\Automation Support\apache-maven\bin\..\bin\m2.conf"/>
    <property name="sun.jnu.encoding" value="Cp1252"/>
    <property name="java.library.path" value="C:\Program Files\Java\jdk1.8.0_181\bin;C:\WINDOWS\Sun\Java\bin;C:\WINDOWS\system32;C:\WINDOWS;C:\Program Files (x86)\Common Files\Oracle\Java\javapath;C:\WINDOWS\system32\cmd.exe;C:\AppServ\Apache2.2\bin;C:\AppServ\php5;E:\Driver\IEDriverServer.exe;C:\WINDOWS\system32;C:\WINDOWS;C:\WINDOWS\System32\Wbem;C:\WINDOWS\System32\WindowsPowerShell\v1.0\;C:\WINDOWS\System32\OpenSSH\;C:\Program Files\Java\jdk1.8.0_181\bin;E:\Automation Support\apache-maven\bin;C:\Program Files\Git\cmd;C:\Program Files\nodejs\;C:\AppServ\MySQL\bin;E:\Driver\apache-maven-3.5.3\bin;E:\Driver\apache-maven-3.5.3;C:\Users\ganesh\AppData\Local\Microsoft\WindowsApps;C:\Users\ganesh\AppData\Roaming\npm;."/>
    <property name="maven.conf" value="E:\Automation Support\apache-maven\bin\../conf"/>
    <property name="java.specification.name" value="Java Platform API Specification"/>
    <property name="java.class.version" value="52.0"/>
    <property name="sun.management.compiler" value="HotSpot 64-Bit Tiered Compilers"/>
    <property name="os.version" value="10.0"/>
    <property name="library.jansi.path" value="E:\Automation Support\apache-maven\bin\..\lib\jansi-native"/>
    <property name="user.home" value="C:\Users\ganesh"/>
    <property name="user.timezone" value="Asia/Calcutta"/>
    <property name="java.awt.printerjob" value="sun.awt.windows.WPrinterJob"/>
    <property name="java.specification.version" value="1.8"/>
    <property name="file.encoding" value="Cp1252"/>
    <property name="user.name" value="ganesh"/>
    <property name="java.class.path" value="E:\Automation Support\apache-maven\bin\..\boot\plexus-classworlds-2.5.2.jar"/>
    <property name="java.vm.specification.version" value="1.8"/>
    <property name="sun.arch.data.model" value="64"/>
    <property name="java.home" value="C:\Program Files\Java\jdk1.8.0_181\jre"/>
    <property name="sun.java.command" value="org.codehaus.plexus.classworlds.launcher.Launcher test"/>
    <property name="java.specification.vendor" value="Oracle Corporation"/>
    <property name="user.language" value="en"/>
    <property name="awt.toolkit" value="sun.awt.windows.WToolkit"/>
    <property name="java.vm.info" value="mixed mode"/>
    <property name="java.version" value="1.8.0_181"/>
    <property name="java.ext.dirs" value="C:\Program Files\Java\jdk1.8.0_181\jre\lib\ext;C:\WINDOWS\Sun\Java\lib\ext"/>
    <property name="sun.boot.class.path" value="C:\Program Files\Java\jdk1.8.0_181\jre\lib\resources.jar;C:\Program Files\Java\jdk1.8.0_181\jre\lib\rt.jar;C:\Program Files\Java\jdk1.8.0_181\jre\lib\sunrsasign.jar;C:\Program Files\Java\jdk1.8.0_181\jre\lib\jsse.jar;C:\Program Files\Java\jdk1.8.0_181\jre\lib\jce.jar;C:\Program Files\Java\jdk1.8.0_181\jre\lib\charsets.jar;C:\Program Files\Java\jdk1.8.0_181\jre\lib\jfr.jar;C:\Program Files\Java\jdk1.8.0_181\jre\classes"/>
    <property name="sun.stderr.encoding" value="cp437"/>
    <property name="java.vendor" value="Oracle Corporation"/>
    <property name="maven.home" value="E:\Automation Support\apache-maven\bin\.."/>
    <property name="file.separator" value="\"/>
    <property name="java.vendor.url.bug" value="http://bugreport.sun.com/bugreport/"/>
    <property name="sun.cpu.endian" value="little"/>
    <property name="sun.io.unicode.encoding" value="UnicodeLittle"/>
    <property name="sun.stdout.encoding" value="cp437"/>
    <property name="sun.desktop" value="windows"/>
    <property name="sun.cpu.isalist" value="amd64"/>
  </properties>
  <testcase classname="Scenario: Manage address functionality" name="Given user opens &quot;chrome&quot; browser and exe &quot;D:\\Morning 8.30am batch(indra)\\primusBank\\src\\test\\resources\\DRIVERS\\chromedriver.exe&quot;" time="0.022"/>
  <testcase classname="Scenario: Manage address functionality" name="Given user enters url &quot;https://www.flipkart.com/&quot;" time="0"/>
  <testcase classname="Scenario: Manage address functionality" name="Given user cancle the initial login window" time="0"/>
  <testcase classname="Scenario: Manage address functionality" name="Given user move on Login button" time="0"/>
  <testcase classname="Scenario: Manage address functionality" name="When user click on my profile" time="0"/>
  <testcase classname="Scenario: Manage address functionality" name="When user enter &quot;9168313434&quot; as  username" time="0"/>
  <testcase classname="Scenario: Manage address functionality" name="When user enter &quot;DDDD@1234&quot; as  password" time="0"/>
  <testcase classname="Scenario: Manage address functionality" name="When user click on Login button" time="0"/>
  <testcase classname="Scenario: Manage address functionality" name="When user click on manage address" time="0"/>
  <testcase classname="Scenario: Manage address functionality" name="When user click on ADD A NEW ADDRESS" time="0"/>
  <testcase classname="Scenario: Manage address functionality" name="When user enter &quot;Ganesh&quot; as name" time="0"/>
  <testcase classname="Scenario: Manage address functionality" name="When user enter &quot;9309146478&quot; as mobile number" time="0"/>
  <testcase classname="Scenario: Manage address functionality" name="When user enter &quot;411052&quot; as pincode" time="0"/>
  <testcase classname="Scenario: Manage address functionality" name="When user enter &quot;Karve Nagar&quot; as locality" time="0"/>
  <testcase classname="Scenario: Manage address functionality" name="When user enter &quot;near cummins college&quot; as address" time="0"/>
  <testcase classname="Scenario: Manage address functionality" name="When user click on Save button" time="0"/>
  <testcase classname="Scenario: Manage address functionality" name="Then validate address is added successfully" time="0"/>
  <testcase classname="Scenario: Manage address functionality" name="Scenario: Manage address functionality" time="0.001"/>
</testsuite>